\BOOKMARK [0][-]{chapter.1}{\376\377\000E\000x\000p\000e\000r\000i\000m\000e\000n\000t\000s\000\040\000P\000l\000a\000n\000n\000i\000f\000i\000c\000a\000t\000i\000o\000n}{}% 1
\BOOKMARK [1][-]{section.1.1}{\376\377\000P\000r\000i\000n\000c\000i\000p\000l\000e}{chapter.1}% 2
\BOOKMARK [1][-]{section.1.2}{\376\377\000M\000o\000d\000u\000l\000e\000s}{chapter.1}% 3
\BOOKMARK [0][-]{chapter.2}{\376\377\000p\000y\000t\000e\000r\000k\000\040\000p\000a\000c\000k\000a\000g\000e}{}% 4
\BOOKMARK [1][-]{section.2.1}{\376\377\000M\000o\000d\000u\000l\000e\000\040\000c\000o\000n\000t\000e\000n\000t\000s}{chapter.2}% 5
\BOOKMARK [2][-]{subsection.2.1.1}{\376\377\000D\000e\000s\000c\000r\000i\000p\000t\000i\000o\000n\000\040\000:}{section.2.1}% 6
\BOOKMARK [2][-]{subsection.2.1.2}{\376\377\000D\000o\000c\000u\000m\000e\000n\000t\000a\000t\000i\000o\000n\000\040\000a\000n\000d\000\040\000e\000x\000a\000m\000p\000l\000e\000s\000\040\000:}{section.2.1}% 7
\BOOKMARK [1][-]{section.2.2}{\376\377\000S\000u\000b\000m\000o\000d\000u\000l\000e\000s}{chapter.2}% 8
\BOOKMARK [1][-]{section.2.3}{\376\377\000p\000y\000t\000e\000r\000k\000.\000c\000o\000n\000f\000i\000g\000\040\000m\000o\000d\000u\000l\000e}{chapter.2}% 9
\BOOKMARK [2][-]{subsection.2.3.1}{\376\377\000U\000t\000i\000l\000i\000s\000a\000t\000i\000o\000n\000:}{section.2.3}% 10
\BOOKMARK [1][-]{section.2.4}{\376\377\000p\000y\000t\000e\000r\000k\000.\000m\000o\000d\000e\000l\000s\000\040\000m\000o\000d\000u\000l\000e}{chapter.2}% 11
\BOOKMARK [1][-]{section.2.5}{\376\377\000p\000y\000t\000e\000r\000k\000.\000r\000e\000p\000o\000r\000t\000e\000r\000\040\000m\000o\000d\000u\000l\000e}{chapter.2}% 12
\BOOKMARK [2][-]{subsection.2.5.1}{\376\377\000E\000x\000a\000m\000p\000l\000e\000\040\000:}{section.2.5}% 13
\BOOKMARK [1][-]{section.2.6}{\376\377\000p\000y\000t\000e\000r\000k\000.\000t\000a\000s\000k\000\137\000m\000a\000n\000a\000g\000e\000r\000\040\000m\000o\000d\000u\000l\000e}{chapter.2}% 14
\BOOKMARK [1][-]{section.2.7}{\376\377\000p\000y\000t\000e\000r\000k\000.\000w\000o\000r\000k\000e\000r\000\040\000m\000o\000d\000u\000l\000e}{chapter.2}% 15
\BOOKMARK [0][-]{chapter.3}{\376\377\000M\000u\000l\000t\000i\000p\000l\000e\000R\000e\000g\000r\000e\000s\000s\000i\000o\000n\000\040\000m\000o\000d\000u\000l\000e}{}% 16
\BOOKMARK [1][-]{section.3.1}{\376\377\000D\000e\000s\000c\000r\000i\000p\000t\000i\000o\000n}{chapter.3}% 17
\BOOKMARK [1][-]{section.3.2}{\376\377\000F\000u\000n\000c\000t\000i\000o\000n\000s}{chapter.3}% 18
\BOOKMARK [0][-]{chapter.4}{\376\377\000I\000n\000d\000i\000c\000e\000s\000\040\000a\000n\000d\000\040\000t\000a\000b\000l\000e\000s}{}% 19
\BOOKMARK [0][-]{section*.73}{\376\377\000P\000y\000t\000h\000o\000n\000\040\000M\000o\000d\000u\000l\000e\000\040\000I\000n\000d\000e\000x}{}% 20
\BOOKMARK [0][-]{section*.74}{\376\377\000M\000A\000T\000L\000A\000B\000\040\000M\000o\000d\000u\000l\000e\000\040\000I\000n\000d\000e\000x}{}% 21
\BOOKMARK [0][-]{section*.75}{\376\377\000I\000n\000d\000e\000x}{}% 22
